<?xml version="1.0" encoding="UTF-8"?>
<!-- Generated by org.testng.reporters.JUnitReportReporter -->
<testsuite hostname="DESKTOP-1G5B9T4" failures="0" tests="1" name="com.TestCases.TestClass" time="75.910" errors="0" timestamp="2023-02-26T16:02:05 IST" skipped="0">
  <testcase classname="com.TestCases.TestClass" name="TC1" time="75.910"/>
  <system-out/>
</testsuite> <!-- com.TestCases.TestClass -->
