<?xml version="1.0" encoding="UTF-8"?>
<!-- Generated by org.testng.reporters.JUnitReportReporter -->
<testsuite hostname="DESKTOP-1G5B9T4" failures="0" tests="1" name="com.TestCases.TestClass" time="99.556" errors="0" timestamp="2023-02-27T10:54:50 IST" skipped="0">
  <testcase classname="com.TestCases.TestClass" name="TC1" time="99.556"/>
  <system-out/>
</testsuite> <!-- com.TestCases.TestClass -->
