<?xml version="1.0" encoding="UTF-8"?>
<!-- Generated by org.testng.reporters.JUnitReportReporter -->
<testsuite hostname="DESKTOP-1G5B9T4" failures="0" tests="1" name="com.TestCases.TestClass" time="25.446" errors="0" timestamp="2023-03-04T12:37:18 IST" skipped="0">
  <testcase classname="com.TestCases.TestClass" name="TC1" time="25.446"/>
  <system-out/>
</testsuite> <!-- com.TestCases.TestClass -->
